<?xml version="1.0" encoding="UTF-8"?>
<!-- Generated by org.testng.reporters.JUnitXMLReporter -->
<testsuite ignored="0" hostname="LAPTOP-M7GK49HD" failures="1" tests="2" name="Edge" time="75.852" errors="0" timestamp="2024-01-25T10:22:33 IST">
  <testcase classname="testCases.TC_001_AccountRegistrationTest" name="register_account" time="6.234"/>
  <testcase classname="testCases.TC_002_LoginTest" name="loginTest" time="29.094">
    <failure type="java.lang.AssertionError" message="expected [true] but found [false]">
      <![CDATA[java.lang.AssertionError: expected [true] but found [false]
at testCases.TC_002_LoginTest.loginTest(TC_002_LoginTest.java:55)
at java.base/java.util.ArrayList.forEach(ArrayList.java:1541)
at java.base/java.util.concurrent.FutureTask.run(FutureTask.java:264)
at java.base/java.util.concurrent.ThreadPoolExecutor.runWorker(ThreadPoolExecutor.java:1128)
at java.base/java.util.concurrent.ThreadPoolExecutor$Worker.run(ThreadPoolExecutor.java:628)
at java.base/java.lang.Thread.run(Thread.java:834)
... Removed 21 stack frames]]>
    </failure>
  </testcase> <!-- loginTest -->
</testsuite> <!-- Edge -->
