<?xml version="1.0" encoding="UTF-8"?>
<!-- Generated by org.testng.reporters.JUnitXMLReporter -->
<testsuite ignored="0" hostname="LAPTOP-M7GK49HD" failures="0" tests="4" name="Test" time="53.478" errors="0" timestamp="2024-02-06T10:11:24 IST">
  <testcase classname="testCases.TC_001_AccountRegistrationTest" name="register_account" time="5.245"/>
  <testcase classname="testCases.TC_002_LoginTest" name="loginTest" time="5.668"/>
  <testcase classname="testCases.TC_004_SearchProductTest" name="verifyProductSearch" time="1.696"/>
  <testcase classname="testCases.TC_005_AddToCartTest" name="verifyAddToCart" time="3.331"/>
</testsuite> <!-- Test -->
