<?xml version="1.0" encoding="UTF-8"?>
<testng-results ignored="0" total="2" passed="2" failed="0" skipped="0">
  <reporter-output>
  </reporter-output>
  <suite started-at="2024-01-26T14:05:29 IST" name="Suite" finished-at="2024-01-26T14:05:49 IST" duration-ms="20093">
    <groups>
      <group name="regression">
        <method signature="TC_001_AccountRegistrationTest.register_account()[pri:0, instance:testCases.TC_001_AccountRegistrationTest@5f049ea1]" name="register_account" class="testCases.TC_001_AccountRegistrationTest"/>
      </group> <!-- regression -->
      <group name="sanity">
        <method signature="TC_002_LoginTest.loginTest()[pri:0, instance:testCases.TC_002_LoginTest@68c9133c]" name="loginTest" class="testCases.TC_002_LoginTest"/>
      </group> <!-- sanity -->
      <group name="master">
        <method signature="TC_001_AccountRegistrationTest.register_account()[pri:0, instance:testCases.TC_001_AccountRegistrationTest@5f049ea1]" name="register_account" class="testCases.TC_001_AccountRegistrationTest"/>
        <method signature="TC_002_LoginTest.loginTest()[pri:0, instance:testCases.TC_002_LoginTest@68c9133c]" name="loginTest" class="testCases.TC_002_LoginTest"/>
      </group> <!-- master -->
    </groups>
    <test started-at="2024-01-26T14:05:29 IST" name="Test" finished-at="2024-01-26T14:05:49 IST" duration-ms="20093">
      <class name="testCases.TC_001_AccountRegistrationTest">
        <test-method is-config="true" signature="setUp(java.lang.String,java.lang.String)[pri:0, instance:testCases.TC_001_AccountRegistrationTest@5f049ea1]" started-at="2024-01-26T14:05:29 IST" name="setUp" finished-at="2024-01-26T14:05:38 IST" duration-ms="8611" status="PASS">
          <params>
            <param index="0">
              <value>
                <![CDATA[Windows]]>
              </value>
            </param>
            <param index="1">
              <value>
                <![CDATA[chrome]]>
              </value>
            </param>
          </params>
          <reporter-output>
          </reporter-output>
        </test-method> <!-- setUp -->
        <test-method signature="register_account()[pri:0, instance:testCases.TC_001_AccountRegistrationTest@5f049ea1]" started-at="2024-01-26T14:05:38 IST" name="register_account" finished-at="2024-01-26T14:05:41 IST" duration-ms="3443" status="PASS">
          <reporter-output>
          </reporter-output>
        </test-method> <!-- register_account -->
        <test-method is-config="true" signature="tearDown()[pri:0, instance:testCases.TC_001_AccountRegistrationTest@5f049ea1]" started-at="2024-01-26T14:05:41 IST" name="tearDown" finished-at="2024-01-26T14:05:42 IST" duration-ms="238" status="PASS">
          <reporter-output>
          </reporter-output>
        </test-method> <!-- tearDown -->
      </class> <!-- testCases.TC_001_AccountRegistrationTest -->
      <class name="testCases.TC_002_LoginTest">
        <test-method is-config="true" signature="setUp(java.lang.String,java.lang.String)[pri:0, instance:testCases.TC_002_LoginTest@68c9133c]" started-at="2024-01-26T14:05:42 IST" name="setUp" finished-at="2024-01-26T14:05:46 IST" duration-ms="4098" status="PASS">
          <params>
            <param index="0">
              <value>
                <![CDATA[Windows]]>
              </value>
            </param>
            <param index="1">
              <value>
                <![CDATA[chrome]]>
              </value>
            </param>
          </params>
          <reporter-output>
          </reporter-output>
        </test-method> <!-- setUp -->
        <test-method signature="loginTest()[pri:0, instance:testCases.TC_002_LoginTest@68c9133c]" started-at="2024-01-26T14:05:46 IST" name="loginTest" finished-at="2024-01-26T14:05:49 IST" duration-ms="2826" status="PASS">
          <reporter-output>
          </reporter-output>
        </test-method> <!-- loginTest -->
        <test-method is-config="true" signature="tearDown()[pri:0, instance:testCases.TC_002_LoginTest@68c9133c]" started-at="2024-01-26T14:05:49 IST" name="tearDown" finished-at="2024-01-26T14:05:49 IST" duration-ms="201" status="PASS">
          <reporter-output>
          </reporter-output>
        </test-method> <!-- tearDown -->
      </class> <!-- testCases.TC_002_LoginTest -->
    </test> <!-- Test -->
  </suite> <!-- Suite -->
</testng-results>
