<?xml version="1.0" encoding="UTF-8"?>
<testsuite xmlns:xsi="http://www.w3.org/2001/XMLSchema-instance" xsi:noNamespaceSchemaLocation="https://maven.apache.org/surefire/maven-surefire-plugin/xsd/surefire-test-report-3.0.xsd" version="3.0" name="TestSuite" time="19.878" tests="2" errors="0" skipped="0" failures="0">
  <properties>
[...]
</properties>
  <testcase name="register_account" classname="testCases.TC_001_AccountRegistrationTest" time="2.501">
    <system-out><![CDATA[10:30:55.404 [main] INFO  testCases.TC_001_AccountRegistrationTest - *****  Starting TC_001_AccountRegistrationTest *****
10:30:55.589 [main] INFO  testCases.TC_001_AccountRegistrationTest - ===== Clicked my account link =====
10:30:56.462 [main] INFO  testCases.TC_001_AccountRegistrationTest - ===== Clicked register account link =====
10:30:56.467 [main] INFO  testCases.TC_001_AccountRegistrationTest - ==== Entering verify details...!! ====
10:30:57.126 [main] INFO  testCases.TC_001_AccountRegistrationTest - ===== Clicked privacy policy =====
10:30:57.828 [main] INFO  testCases.TC_001_AccountRegistrationTest - ===== Clicked continue button =====
10:30:57.876 [main] INFO  testCases.TC_001_AccountRegistrationTest - ===== Starting verifying confirmation message =====
10:30:57.876 [main] INFO  testCases.TC_001_AccountRegistrationTest - ==== Test passed..!! ====
10:30:57.879 [main] INFO  testCases.TC_001_AccountRegistrationTest - ===== Finished verified confirmation message =====
10:30:57.879 [main] INFO  testCases.TC_001_AccountRegistrationTest - *****  Ending TC_001_AccountRegistrationTest *****
]]></system-out>
    <system-err><![CDATA[SLF4J(W): No SLF4J providers were found.
SLF4J(W): Defaulting to no-operation (NOP) logger implementation
SLF4J(W): See https://www.slf4j.org/codes.html#noProviders for further details.
Feb 01, 2024 10:30:51 AM org.openqa.selenium.devtools.CdpVersionFinder findNearestMatch
WARNING: Unable to find an exact match for CDP version 121, returning the closest version; found: 120; Please update to a Selenium version that supports CDP version 121
]]></system-err>
  </testcase>
  <testcase name="loginTest" classname="testCases.TC_002_LoginTest" time="2.212">
    <system-out><![CDATA[10:31:01.315 [main] INFO  testCases.TC_002_LoginTest - ******* Starting TC_002_AccountLoginTest  *******
10:31:01.479 [main] INFO  testCases.TC_002_LoginTest - ===== Clicked my account link =====
10:31:01.839 [main] INFO  testCases.TC_002_LoginTest - ===== Clicked login account =====
10:31:01.839 [main] INFO  testCases.TC_002_LoginTest - ===== Entering login details =====
10:31:02.862 [main] INFO  testCases.TC_002_LoginTest - ===== Clicked login button =====
10:31:02.907 [main] INFO  testCases.TC_002_LoginTest - ===== Starting veryfying login message =====
10:31:02.907 [main] INFO  testCases.TC_002_LoginTest - ==== Congratulations..!! successfully Logged-in ====
10:31:02.907 [main] INFO  testCases.TC_002_LoginTest - ===== Ended veryfied login message =====
10:31:03.489 [main] INFO  testCases.TC_002_LoginTest - ===== Logged out from the application =====
10:31:03.525 [main] INFO  testCases.TC_002_LoginTest - ===== Verified logged out message =====
10:31:03.525 [main] INFO  testCases.TC_002_LoginTest - ==== You are successfully Logged-out ====
10:31:03.525 [main] INFO  testCases.TC_002_LoginTest - ******* Finished TC_002_AccountLoginTest  *******
]]></system-out>
    <system-err><![CDATA[Feb 01, 2024 10:30:59 AM org.openqa.selenium.devtools.CdpVersionFinder findNearestMatch
WARNING: Unable to find an exact match for CDP version 121, returning the closest version; found: 120; Please update to a Selenium version that supports CDP version 121
]]></system-err>
  </testcase>
</testsuite>