<?xml version="1.0" encoding="UTF-8"?>
<testsuite xmlns:xsi="http://www.w3.org/2001/XMLSchema-instance" xsi:noNamespaceSchemaLocation="https://maven.apache.org/surefire/maven-surefire-plugin/xsd/surefire-test-report-3.0.xsd" version="3.0" name="TestSuite" time="24.787" tests="2" errors="0" skipped="0" failures="0">
  <properties>
[...]
</properties>
  <testcase name="register_account" classname="testCases.TC_001_AccountRegistrationTest" time="3.492">
    <system-out><![CDATA[ERROR StatusConsoleListener Unable to rename file D:\Yogesh\Selenium_Java\OpenCartApp_Hybrid_Driven_Framework\.\logs\automation.log to D:\Yogesh\Selenium_Java\OpenCartApp_Hybrid_Driven_Framework\.\logs\automation-01-    26-2024.log : java.nio.file.InvalidPathException Trailing char < > at index 96: D:\Yogesh\Selenium_Java\OpenCartApp_Hybrid_Driven_Framework\.\logs\automation-01-    26-2024.log 
ERROR StatusConsoleListener Unable to write to stream ./logs/automation.log for appender File
 org.apache.logging.log4j.core.appender.AppenderLoggingException: Error writing to stream ./logs/automation.log
	at org.apache.logging.log4j.core.appender.OutputStreamManager.writeToDestination(OutputStreamManager.java:265)
	at org.apache.logging.log4j.core.appender.FileManager.writeToDestination(FileManager.java:335)
	at org.apache.logging.log4j.core.appender.rolling.RollingFileManager.writeToDestination(RollingFileManager.java:385)
	at org.apache.logging.log4j.core.appender.OutputStreamManager.flushBuffer(OutputStreamManager.java:296)
	at org.apache.logging.log4j.core.appender.OutputStreamManager.flush(OutputStreamManager.java:307)
	at org.apache.logging.log4j.core.appender.AbstractOutputStreamAppender.directEncodeEvent(AbstractOutputStreamAppender.java:229)
	at org.apache.logging.log4j.core.appender.AbstractOutputStreamAppender.tryAppend(AbstractOutputStreamAppender.java:220)
	at org.apache.logging.log4j.core.appender.AbstractOutputStreamAppender.append(AbstractOutputStreamAppender.java:211)
	at org.apache.logging.log4j.core.appender.RollingFileAppender.append(RollingFileAppender.java:337)
	at org.apache.logging.log4j.core.config.AppenderControl.tryCallAppender(AppenderControl.java:160)
	at org.apache.logging.log4j.core.config.AppenderControl.callAppender0(AppenderControl.java:133)
	at org.apache.logging.log4j.core.config.AppenderControl.callAppenderPreventRecursion(AppenderControl.java:124)
	at org.apache.logging.log4j.core.config.AppenderControl.callAppender(AppenderControl.java:88)
	at org.apache.logging.log4j.core.config.LoggerConfig.callAppenders(LoggerConfig.java:705)
	at org.apache.logging.log4j.core.config.LoggerConfig.processLogEvent(LoggerConfig.java:663)
	at org.apache.logging.log4j.core.config.LoggerConfig.log(LoggerConfig.java:639)
	at org.apache.logging.log4j.core.config.LoggerConfig.log(LoggerConfig.java:575)
	at org.apache.logging.log4j.core.config.AwaitCompletionReliabilityStrategy.log(AwaitCompletionReliabilityStrategy.java:92)
	at org.apache.logging.log4j.core.Logger.log(Logger.java:169)
	at org.apache.logging.log4j.spi.AbstractLogger.tryLogMessage(AbstractLogger.java:2933)
	at org.apache.logging.log4j.spi.AbstractLogger.logMessageTrackRecursion(AbstractLogger.java:2886)
	at org.apache.logging.log4j.spi.AbstractLogger.logMessageSafely(AbstractLogger.java:2868)
	at org.apache.logging.log4j.spi.AbstractLogger.logMessage(AbstractLogger.java:2647)
	at org.apache.logging.log4j.spi.AbstractLogger.logIfEnabled(AbstractLogger.java:2594)
	at org.apache.logging.log4j.spi.AbstractLogger.info(AbstractLogger.java:1597)
	at testCases.TC_001_AccountRegistrationTest.register_account(TC_001_AccountRegistrationTest.java:15)
	at java.base/jdk.internal.reflect.NativeMethodAccessorImpl.invoke0(Native Method)
	at java.base/jdk.internal.reflect.NativeMethodAccessorImpl.invoke(NativeMethodAccessorImpl.java:62)
	at java.base/jdk.internal.reflect.DelegatingMethodAccessorImpl.invoke(DelegatingMethodAccessorImpl.java:43)
	at java.base/java.lang.reflect.Method.invoke(Method.java:566)
	at org.testng.internal.invokers.MethodInvocationHelper.invokeMethod(MethodInvocationHelper.java:139)
	at org.testng.internal.invokers.TestInvoker.invokeMethod(TestInvoker.java:664)
	at org.testng.internal.invokers.TestInvoker.invokeTestMethod(TestInvoker.java:228)
	at org.testng.internal.invokers.MethodRunner.runInSequence(MethodRunner.java:63)
	at org.testng.internal.invokers.TestInvoker$MethodInvocationAgent.invoke(TestInvoker.java:961)
	at org.testng.internal.invokers.TestInvoker.invokeTestMethods(TestInvoker.java:201)
	at org.testng.internal.invokers.TestMethodWorker.invokeTestMethods(TestMethodWorker.java:148)
	at org.testng.internal.invokers.TestMethodWorker.run(TestMethodWorker.java:128)
	at java.base/java.util.ArrayList.forEach(ArrayList.java:1541)
	at org.testng.TestRunner.privateRun(TestRunner.java:819)
	at org.testng.TestRunner.run(TestRunner.java:619)
	at org.testng.SuiteRunner.runTest(SuiteRunner.java:443)
	at org.testng.SuiteRunner.runSequentially(SuiteRunner.java:437)
	at org.testng.SuiteRunner.privateRun(SuiteRunner.java:397)
	at org.testng.SuiteRunner.run(SuiteRunner.java:336)
	at org.testng.SuiteRunnerWorker.runSuite(SuiteRunnerWorker.java:52)
	at org.testng.SuiteRunnerWorker.run(SuiteRunnerWorker.java:95)
	at org.testng.TestNG.runSuitesSequentially(TestNG.java:1301)
	at org.testng.TestNG.runSuitesLocally(TestNG.java:1228)
	at org.testng.TestNG.runSuites(TestNG.java:1134)
	at org.testng.TestNG.run(TestNG.java:1101)
	at org.apache.maven.surefire.testng.TestNGExecutor.run(TestNGExecutor.java:308)
	at org.apache.maven.surefire.testng.TestNGXmlTestSuite.execute(TestNGXmlTestSuite.java:71)
	at org.apache.maven.surefire.testng.TestNGProvider.invoke(TestNGProvider.java:113)
	at org.apache.maven.surefire.booter.ForkedBooter.runSuitesInProcess(ForkedBooter.java:385)
	at org.apache.maven.surefire.booter.ForkedBooter.execute(ForkedBooter.java:162)
	at org.apache.maven.surefire.booter.ForkedBooter.run(ForkedBooter.java:507)
	at org.apache.maven.surefire.booter.ForkedBooter.main(ForkedBooter.java:495)
Caused by: java.io.IOException: Stream Closed
	at java.base/java.io.FileOutputStream.writeBytes(Native Method)
	at java.base/java.io.FileOutputStream.write(FileOutputStream.java:354)
	at org.apache.logging.log4j.core.appender.OutputStreamManager.writeToDestination(OutputStreamManager.java:263)
	... 57 more
ERROR StatusConsoleListener An exception occurred processing Appender File
 org.apache.logging.log4j.core.appender.AppenderLoggingException: Error writing to stream ./logs/automation.log
	at org.apache.logging.log4j.core.appender.OutputStreamManager.writeToDestination(OutputStreamManager.java:265)
	at org.apache.logging.log4j.core.appender.FileManager.writeToDestination(FileManager.java:335)
	at org.apache.logging.log4j.core.appender.rolling.RollingFileManager.writeToDestination(RollingFileManager.java:385)
	at org.apache.logging.log4j.core.appender.OutputStreamManager.flushBuffer(OutputStreamManager.java:296)
	at org.apache.logging.log4j.core.appender.OutputStreamManager.flush(OutputStreamManager.java:307)
	at org.apache.logging.log4j.core.appender.AbstractOutputStreamAppender.directEncodeEvent(AbstractOutputStreamAppender.java:229)
	at org.apache.logging.log4j.core.appender.AbstractOutputStreamAppender.tryAppend(AbstractOutputStreamAppender.java:220)
	at org.apache.logging.log4j.core.appender.AbstractOutputStreamAppender.append(AbstractOutputStreamAppender.java:211)
	at org.apache.logging.log4j.core.appender.RollingFileAppender.append(RollingFileAppender.java:337)
	at org.apache.logging.log4j.core.config.AppenderControl.tryCallAppender(AppenderControl.java:160)
	at org.apache.logging.log4j.core.config.AppenderControl.callAppender0(AppenderControl.java:133)
	at org.apache.logging.log4j.core.config.AppenderControl.callAppenderPreventRecursion(AppenderControl.java:124)
	at org.apache.logging.log4j.core.config.AppenderControl.callAppender(AppenderControl.java:88)
	at org.apache.logging.log4j.core.config.LoggerConfig.callAppenders(LoggerConfig.java:705)
	at org.apache.logging.log4j.core.config.LoggerConfig.processLogEvent(LoggerConfig.java:663)
	at org.apache.logging.log4j.core.config.LoggerConfig.log(LoggerConfig.java:639)
	at org.apache.logging.log4j.core.config.LoggerConfig.log(LoggerConfig.java:575)
	at org.apache.logging.log4j.core.config.AwaitCompletionReliabilityStrategy.log(AwaitCompletionReliabilityStrategy.java:92)
	at org.apache.logging.log4j.core.Logger.log(Logger.java:169)
	at org.apache.logging.log4j.spi.AbstractLogger.tryLogMessage(AbstractLogger.java:2933)
	at org.apache.logging.log4j.spi.AbstractLogger.logMessageTrackRecursion(AbstractLogger.java:2886)
	at org.apache.logging.log4j.spi.AbstractLogger.logMessageSafely(AbstractLogger.java:2868)
	at org.apache.logging.log4j.spi.AbstractLogger.logMessage(AbstractLogger.java:2647)
	at org.apache.logging.log4j.spi.AbstractLogger.logIfEnabled(AbstractLogger.java:2594)
	at org.apache.logging.log4j.spi.AbstractLogger.info(AbstractLogger.java:1597)
	at testCases.TC_001_AccountRegistrationTest.register_account(TC_001_AccountRegistrationTest.java:15)
	at java.base/jdk.internal.reflect.NativeMethodAccessorImpl.invoke0(Native Method)
	at java.base/jdk.internal.reflect.NativeMethodAccessorImpl.invoke(NativeMethodAccessorImpl.java:62)
	at java.base/jdk.internal.reflect.DelegatingMethodAccessorImpl.invoke(DelegatingMethodAccessorImpl.java:43)
	at java.base/java.lang.reflect.Method.invoke(Method.java:566)
	at org.testng.internal.invokers.MethodInvocationHelper.invokeMethod(MethodInvocationHelper.java:139)
	at org.testng.internal.invokers.TestInvoker.invokeMethod(TestInvoker.java:664)
	at org.testng.internal.invokers.TestInvoker.invokeTestMethod(TestInvoker.java:228)
	at org.testng.internal.invokers.MethodRunner.runInSequence(MethodRunner.java:63)
	at org.testng.internal.invokers.TestInvoker$MethodInvocationAgent.invoke(TestInvoker.java:961)
	at org.testng.internal.invokers.TestInvoker.invokeTestMethods(TestInvoker.java:201)
	at org.testng.internal.invokers.TestMethodWorker.invokeTestMethods(TestMethodWorker.java:148)
	at org.testng.internal.invokers.TestMethodWorker.run(TestMethodWorker.java:128)
	at java.base/java.util.ArrayList.forEach(ArrayList.java:1541)
	at org.testng.TestRunner.privateRun(TestRunner.java:819)
	at org.testng.TestRunner.run(TestRunner.java:619)
	at org.testng.SuiteRunner.runTest(SuiteRunner.java:443)
	at org.testng.SuiteRunner.runSequentially(SuiteRunner.java:437)
	at org.testng.SuiteRunner.privateRun(SuiteRunner.java:397)
	at org.testng.SuiteRunner.run(SuiteRunner.java:336)
	at org.testng.SuiteRunnerWorker.runSuite(SuiteRunnerWorker.java:52)
	at org.testng.SuiteRunnerWorker.run(SuiteRunnerWorker.java:95)
	at org.testng.TestNG.runSuitesSequentially(TestNG.java:1301)
	at org.testng.TestNG.runSuitesLocally(TestNG.java:1228)
	at org.testng.TestNG.runSuites(TestNG.java:1134)
	at org.testng.TestNG.run(TestNG.java:1101)
	at org.apache.maven.surefire.testng.TestNGExecutor.run(TestNGExecutor.java:308)
	at org.apache.maven.surefire.testng.TestNGXmlTestSuite.execute(TestNGXmlTestSuite.java:71)
	at org.apache.maven.surefire.testng.TestNGProvider.invoke(TestNGProvider.java:113)
	at org.apache.maven.surefire.booter.ForkedBooter.runSuitesInProcess(ForkedBooter.java:385)
	at org.apache.maven.surefire.booter.ForkedBooter.execute(ForkedBooter.java:162)
	at org.apache.maven.surefire.booter.ForkedBooter.run(ForkedBooter.java:507)
	at org.apache.maven.surefire.booter.ForkedBooter.main(ForkedBooter.java:495)
Caused by: java.io.IOException: Stream Closed
	at java.base/java.io.FileOutputStream.writeBytes(Native Method)
	at java.base/java.io.FileOutputStream.write(FileOutputStream.java:354)
	at org.apache.logging.log4j.core.appender.OutputStreamManager.writeToDestination(OutputStreamManager.java:263)
	... 57 more
14:05:38.461 [main] INFO  testCases.TC_001_AccountRegistrationTest - *****  Starting TC_001_AccountRegistrationTest *****
ERROR StatusConsoleListener Unable to rename file D:\Yogesh\Selenium_Java\OpenCartApp_Hybrid_Driven_Framework\.\logs\automation.log to D:\Yogesh\Selenium_Java\OpenCartApp_Hybrid_Driven_Framework\.\logs\automation-01-    26-2024.log : java.nio.file.InvalidPathException Trailing char < > at index 96: D:\Yogesh\Selenium_Java\OpenCartApp_Hybrid_Driven_Framework\.\logs\automation-01-    26-2024.log 
ERROR StatusConsoleListener Unable to write to stream ./logs/automation.log for appender File
 org.apache.logging.log4j.core.appender.AppenderLoggingException: Error writing to stream ./logs/automation.log
	at org.apache.logging.log4j.core.appender.OutputStreamManager.writeToDestination(OutputStreamManager.java:265)
	at org.apache.logging.log4j.core.appender.FileManager.writeToDestination(FileManager.java:335)
	at org.apache.logging.log4j.core.appender.rolling.RollingFileManager.writeToDestination(RollingFileManager.java:385)
	at org.apache.logging.log4j.core.appender.OutputStreamManager.flushBuffer(OutputStreamManager.java:296)
	at org.apache.logging.log4j.core.appender.OutputStreamManager.flush(OutputStreamManager.java:307)
	at org.apache.logging.log4j.core.appender.AbstractOutputStreamAppender.directEncodeEvent(AbstractOutputStreamAppender.java:229)
	at org.apache.logging.log4j.core.appender.AbstractOutputStreamAppender.tryAppend(AbstractOutputStreamAppender.java:220)
	at org.apache.logging.log4j.core.appender.AbstractOutputStreamAppender.append(AbstractOutputStreamAppender.java:211)
	at org.apache.logging.log4j.core.appender.RollingFileAppender.append(RollingFileAppender.java:337)
	at org.apache.logging.log4j.core.config.AppenderControl.tryCallAppender(AppenderControl.java:160)
	at org.apache.logging.log4j.core.config.AppenderControl.callAppender0(AppenderControl.java:133)
	at org.apache.logging.log4j.core.config.AppenderControl.callAppenderPreventRecursion(AppenderControl.java:124)
	at org.apache.logging.log4j.core.config.AppenderControl.callAppender(AppenderControl.java:88)
	at org.apache.logging.log4j.core.config.LoggerConfig.callAppenders(LoggerConfig.java:705)
	at org.apache.logging.log4j.core.config.LoggerConfig.processLogEvent(LoggerConfig.java:663)
	at org.apache.logging.log4j.core.config.LoggerConfig.log(LoggerConfig.java:639)
	at org.apache.logging.log4j.core.config.LoggerConfig.log(LoggerConfig.java:575)
	at org.apache.logging.log4j.core.config.AwaitCompletionReliabilityStrategy.log(AwaitCompletionReliabilityStrategy.java:92)
	at org.apache.logging.log4j.core.Logger.log(Logger.java:169)
	at org.apache.logging.log4j.spi.AbstractLogger.tryLogMessage(AbstractLogger.java:2933)
	at org.apache.logging.log4j.spi.AbstractLogger.logMessageTrackRecursion(AbstractLogger.java:2886)
	at org.apache.logging.log4j.spi.AbstractLogger.logMessageSafely(AbstractLogger.java:2868)
	at org.apache.logging.log4j.spi.AbstractLogger.logMessage(AbstractLogger.java:2647)
	at org.apache.logging.log4j.spi.AbstractLogger.logIfEnabled(AbstractLogger.java:2594)
	at org.apache.logging.log4j.spi.AbstractLogger.info(AbstractLogger.java:1597)
	at testCases.TC_001_AccountRegistrationTest.register_account(TC_001_AccountRegistrationTest.java:22)
	at java.base/jdk.internal.reflect.NativeMethodAccessorImpl.invoke0(Native Method)
	at java.base/jdk.internal.reflect.NativeMethodAccessorImpl.invoke(NativeMethodAccessorImpl.java:62)
	at java.base/jdk.internal.reflect.DelegatingMethodAccessorImpl.invoke(DelegatingMethodAccessorImpl.java:43)
	at java.base/java.lang.reflect.Method.invoke(Method.java:566)
	at org.testng.internal.invokers.MethodInvocationHelper.invokeMethod(MethodInvocationHelper.java:139)
	at org.testng.internal.invokers.TestInvoker.invokeMethod(TestInvoker.java:664)
	at org.testng.internal.invokers.TestInvoker.invokeTestMethod(TestInvoker.java:228)
	at org.testng.internal.invokers.MethodRunner.runInSequence(MethodRunner.java:63)
	at org.testng.internal.invokers.TestInvoker$MethodInvocationAgent.invoke(TestInvoker.java:961)
	at org.testng.internal.invokers.TestInvoker.invokeTestMethods(TestInvoker.java:201)
	at org.testng.internal.invokers.TestMethodWorker.invokeTestMethods(TestMethodWorker.java:148)
	at org.testng.internal.invokers.TestMethodWorker.run(TestMethodWorker.java:128)
	at java.base/java.util.ArrayList.forEach(ArrayList.java:1541)
	at org.testng.TestRunner.privateRun(TestRunner.java:819)
	at org.testng.TestRunner.run(TestRunner.java:619)
	at org.testng.SuiteRunner.runTest(SuiteRunner.java:443)
	at org.testng.SuiteRunner.runSequentially(SuiteRunner.java:437)
	at org.testng.SuiteRunner.privateRun(SuiteRunner.java:397)
	at org.testng.SuiteRunner.run(SuiteRunner.java:336)
	at org.testng.SuiteRunnerWorker.runSuite(SuiteRunnerWorker.java:52)
	at org.testng.SuiteRunnerWorker.run(SuiteRunnerWorker.java:95)
	at org.testng.TestNG.runSuitesSequentially(TestNG.java:1301)
	at org.testng.TestNG.runSuitesLocally(TestNG.java:1228)
	at org.testng.TestNG.runSuites(TestNG.java:1134)
	at org.testng.TestNG.run(TestNG.java:1101)
	at org.apache.maven.surefire.testng.TestNGExecutor.run(TestNGExecutor.java:308)
	at org.apache.maven.surefire.testng.TestNGXmlTestSuite.execute(TestNGXmlTestSuite.java:71)
	at org.apache.maven.surefire.testng.TestNGProvider.invoke(TestNGProvider.java:113)
	at org.apache.maven.surefire.booter.ForkedBooter.runSuitesInProcess(ForkedBooter.java:385)
	at org.apache.maven.surefire.booter.ForkedBooter.execute(ForkedBooter.java:162)
	at org.apache.maven.surefire.booter.ForkedBooter.run(ForkedBooter.java:507)
	at org.apache.maven.surefire.booter.ForkedBooter.main(ForkedBooter.java:495)
Caused by: java.io.IOException: Stream Closed
	at java.base/java.io.FileOutputStream.writeBytes(Native Method)
	at java.base/java.io.FileOutputStream.write(FileOutputStream.java:354)
	at org.apache.logging.log4j.core.appender.OutputStreamManager.writeToDestination(OutputStreamManager.java:263)
	... 57 more
ERROR StatusConsoleListener An exception occurred processing Appender File
 org.apache.logging.log4j.core.appender.AppenderLoggingException: Error writing to stream ./logs/automation.log
	at org.apache.logging.log4j.core.appender.OutputStreamManager.writeToDestination(OutputStreamManager.java:265)
	at org.apache.logging.log4j.core.appender.FileManager.writeToDestination(FileManager.java:335)
	at org.apache.logging.log4j.core.appender.rolling.RollingFileManager.writeToDestination(RollingFileManager.java:385)
	at org.apache.logging.log4j.core.appender.OutputStreamManager.flushBuffer(OutputStreamManager.java:296)
	at org.apache.logging.log4j.core.appender.OutputStreamManager.flush(OutputStreamManager.java:307)
	at org.apache.logging.log4j.core.appender.AbstractOutputStreamAppender.directEncodeEvent(AbstractOutputStreamAppender.java:229)
	at org.apache.logging.log4j.core.appender.AbstractOutputStreamAppender.tryAppend(AbstractOutputStreamAppender.java:220)
	at org.apache.logging.log4j.core.appender.AbstractOutputStreamAppender.append(AbstractOutputStreamAppender.java:211)
	at org.apache.logging.log4j.core.appender.RollingFileAppender.append(RollingFileAppender.java:337)
	at org.apache.logging.log4j.core.config.AppenderControl.tryCallAppender(AppenderControl.java:160)
	at org.apache.logging.log4j.core.config.AppenderControl.callAppender0(AppenderControl.java:133)
	at org.apache.logging.log4j.core.config.AppenderControl.callAppenderPreventRecursion(AppenderControl.java:124)
	at org.apache.logging.log4j.core.config.AppenderControl.callAppender(AppenderControl.java:88)
	at org.apache.logging.log4j.core.config.LoggerConfig.callAppenders(LoggerConfig.java:705)
	at org.apache.logging.log4j.core.config.LoggerConfig.processLogEvent(LoggerConfig.java:663)
	at org.apache.logging.log4j.core.config.LoggerConfig.log(LoggerConfig.java:639)
	at org.apache.logging.log4j.core.config.LoggerConfig.log(LoggerConfig.java:575)
	at org.apache.logging.log4j.core.config.AwaitCompletionReliabilityStrategy.log(AwaitCompletionReliabilityStrategy.java:92)
	at org.apache.logging.log4j.core.Logger.log(Logger.java:169)
	at org.apache.logging.log4j.spi.AbstractLogger.tryLogMessage(AbstractLogger.java:2933)
	at org.apache.logging.log4j.spi.AbstractLogger.logMessageTrackRecursion(AbstractLogger.java:2886)
	at org.apache.logging.log4j.spi.AbstractLogger.logMessageSafely(AbstractLogger.java:2868)
	at org.apache.logging.log4j.spi.AbstractLogger.logMessage(AbstractLogger.java:2647)
	at org.apache.logging.log4j.spi.AbstractLogger.logIfEnabled(AbstractLogger.java:2594)
	at org.apache.logging.log4j.spi.AbstractLogger.info(AbstractLogger.java:1597)
	at testCases.TC_001_AccountRegistrationTest.register_account(TC_001_AccountRegistrationTest.java:22)
	at java.base/jdk.internal.reflect.NativeMethodAccessorImpl.invoke0(Native Method)
	at java.base/jdk.internal.reflect.NativeMethodAccessorImpl.invoke(NativeMethodAccessorImpl.java:62)
	at java.base/jdk.internal.reflect.DelegatingMethodAccessorImpl.invoke(DelegatingMethodAccessorImpl.java:43)
	at java.base/java.lang.reflect.Method.invoke(Method.java:566)
	at org.testng.internal.invokers.MethodInvocationHelper.invokeMethod(MethodInvocationHelper.java:139)
	at org.testng.internal.invokers.TestInvoker.invokeMethod(TestInvoker.java:664)
	at org.testng.internal.invokers.TestInvoker.invokeTestMethod(TestInvoker.java:228)
	at org.testng.internal.invokers.MethodRunner.runInSequence(MethodRunner.java:63)
	at org.testng.internal.invokers.TestInvoker$MethodInvocationAgent.invoke(TestInvoker.java:961)
	at org.testng.internal.invokers.TestInvoker.invokeTestMethods(TestInvoker.java:201)
	at org.testng.internal.invokers.TestMethodWorker.invokeTestMethods(TestMethodWorker.java:148)
	at org.testng.internal.invokers.TestMethodWorker.run(TestMethodWorker.java:128)
	at java.base/java.util.ArrayList.forEach(ArrayList.java:1541)
	at org.testng.TestRunner.privateRun(TestRunner.java:819)
	at org.testng.TestRunner.run(TestRunner.java:619)
	at org.testng.SuiteRunner.runTest(SuiteRunner.java:443)
	at org.testng.SuiteRunner.runSequentially(SuiteRunner.java:437)
	at org.testng.SuiteRunner.privateRun(SuiteRunner.java:397)
	at org.testng.SuiteRunner.run(SuiteRunner.java:336)
	at org.testng.SuiteRunnerWorker.runSuite(SuiteRunnerWorker.java:52)
	at org.testng.SuiteRunnerWorker.run(SuiteRunnerWorker.java:95)
	at org.testng.TestNG.runSuitesSequentially(TestNG.java:1301)
	at org.testng.TestNG.runSuitesLocally(TestNG.java:1228)
	at org.testng.TestNG.runSuites(TestNG.java:1134)
	at org.testng.TestNG.run(TestNG.java:1101)
	at org.apache.maven.surefire.testng.TestNGExecutor.run(TestNGExecutor.java:308)
	at org.apache.maven.surefire.testng.TestNGXmlTestSuite.execute(TestNGXmlTestSuite.java:71)
	at org.apache.maven.surefire.testng.TestNGProvider.invoke(TestNGProvider.java:113)
	at org.apache.maven.surefire.booter.ForkedBooter.runSuitesInProcess(ForkedBooter.java:385)
	at org.apache.maven.surefire.booter.ForkedBooter.execute(ForkedBooter.java:162)
	at org.apache.maven.surefire.booter.ForkedBooter.run(ForkedBooter.java:507)
	at org.apache.maven.surefire.booter.ForkedBooter.main(ForkedBooter.java:495)
Caused by: java.io.IOException: Stream Closed
	at java.base/java.io.FileOutputStream.writeBytes(Native Method)
	at java.base/java.io.FileOutputStream.write(FileOutputStream.java:354)
	at org.apache.logging.log4j.core.appender.OutputStreamManager.writeToDestination(OutputStreamManager.java:263)
	... 57 more
14:05:38.946 [main] INFO  testCases.TC_001_AccountRegistrationTest - ===== Clicked my account link =====
ERROR StatusConsoleListener Unable to rename file D:\Yogesh\Selenium_Java\OpenCartApp_Hybrid_Driven_Framework\.\logs\automation.log to D:\Yogesh\Selenium_Java\OpenCartApp_Hybrid_Driven_Framework\.\logs\automation-01-    26-2024.log : java.nio.file.InvalidPathException Trailing char < > at index 96: D:\Yogesh\Selenium_Java\OpenCartApp_Hybrid_Driven_Framework\.\logs\automation-01-    26-2024.log 
14:05:39.836 [main] INFO  testCases.TC_001_AccountRegistrationTest - ===== Clicked register account link =====
ERROR StatusConsoleListener Unable to rename file D:\Yogesh\Selenium_Java\OpenCartApp_Hybrid_Driven_Framework\.\logs\automation.log to D:\Yogesh\Selenium_Java\OpenCartApp_Hybrid_Driven_Framework\.\logs\automation-01-    26-2024.log : java.nio.file.InvalidPathException Trailing char < > at index 96: D:\Yogesh\Selenium_Java\OpenCartApp_Hybrid_Driven_Framework\.\logs\automation-01-    26-2024.log 
14:05:39.848 [main] INFO  testCases.TC_001_AccountRegistrationTest - ==== Entering verify details...!! ====
ERROR StatusConsoleListener Unable to rename file D:\Yogesh\Selenium_Java\OpenCartApp_Hybrid_Driven_Framework\.\logs\automation.log to D:\Yogesh\Selenium_Java\OpenCartApp_Hybrid_Driven_Framework\.\logs\automation-01-    26-2024.log : java.nio.file.InvalidPathException Trailing char < > at index 96: D:\Yogesh\Selenium_Java\OpenCartApp_Hybrid_Driven_Framework\.\logs\automation-01-    26-2024.log 
14:05:40.851 [main] INFO  testCases.TC_001_AccountRegistrationTest - ===== Clicked privacy policy =====
ERROR StatusConsoleListener Unable to rename file D:\Yogesh\Selenium_Java\OpenCartApp_Hybrid_Driven_Framework\.\logs\automation.log to D:\Yogesh\Selenium_Java\OpenCartApp_Hybrid_Driven_Framework\.\logs\automation-01-    26-2024.log : java.nio.file.InvalidPathException Trailing char < > at index 96: D:\Yogesh\Selenium_Java\OpenCartApp_Hybrid_Driven_Framework\.\logs\automation-01-    26-2024.log 
14:05:41.770 [main] INFO  testCases.TC_001_AccountRegistrationTest - ===== Clicked continue button =====
ERROR StatusConsoleListener Unable to rename file D:\Yogesh\Selenium_Java\OpenCartApp_Hybrid_Driven_Framework\.\logs\automation.log to D:\Yogesh\Selenium_Java\OpenCartApp_Hybrid_Driven_Framework\.\logs\automation-01-    26-2024.log : java.nio.file.InvalidPathException Trailing char < > at index 96: D:\Yogesh\Selenium_Java\OpenCartApp_Hybrid_Driven_Framework\.\logs\automation-01-    26-2024.log 
14:05:41.860 [main] INFO  testCases.TC_001_AccountRegistrationTest - ===== Starting verifying confirmation message =====
ERROR StatusConsoleListener Unable to rename file D:\Yogesh\Selenium_Java\OpenCartApp_Hybrid_Driven_Framework\.\logs\automation.log to D:\Yogesh\Selenium_Java\OpenCartApp_Hybrid_Driven_Framework\.\logs\automation-01-    26-2024.log : java.nio.file.InvalidPathException Trailing char < > at index 96: D:\Yogesh\Selenium_Java\OpenCartApp_Hybrid_Driven_Framework\.\logs\automation-01-    26-2024.log 
14:05:41.862 [main] INFO  testCases.TC_001_AccountRegistrationTest - ==== Test passed..!! ====
ERROR StatusConsoleListener Unable to rename file D:\Yogesh\Selenium_Java\OpenCartApp_Hybrid_Driven_Framework\.\logs\automation.log to D:\Yogesh\Selenium_Java\OpenCartApp_Hybrid_Driven_Framework\.\logs\automation-01-    26-2024.log : java.nio.file.InvalidPathException Trailing char < > at index 96: D:\Yogesh\Selenium_Java\OpenCartApp_Hybrid_Driven_Framework\.\logs\automation-01-    26-2024.log 
14:05:41.870 [main] INFO  testCases.TC_001_AccountRegistrationTest - ===== Finished verified confirmation message =====
ERROR StatusConsoleListener Unable to rename file D:\Yogesh\Selenium_Java\OpenCartApp_Hybrid_Driven_Framework\.\logs\automation.log to D:\Yogesh\Selenium_Java\OpenCartApp_Hybrid_Driven_Framework\.\logs\automation-01-    26-2024.log : java.nio.file.InvalidPathException Trailing char < > at index 96: D:\Yogesh\Selenium_Java\OpenCartApp_Hybrid_Driven_Framework\.\logs\automation-01-    26-2024.log 
14:05:41.872 [main] INFO  testCases.TC_001_AccountRegistrationTest - *****  Ending TC_001_AccountRegistrationTest *****
]]></system-out>
    <system-err><![CDATA[SLF4J(W): No SLF4J providers were found.
SLF4J(W): Defaulting to no-operation (NOP) logger implementation
SLF4J(W): See https://www.slf4j.org/codes.html#noProviders for further details.
Jan 26, 2024 2:05:34 PM org.openqa.selenium.devtools.CdpVersionFinder findNearestMatch
WARNING: Unable to find an exact match for CDP version 121, returning the closest version; found: 120; Please update to a Selenium version that supports CDP version 121
]]></system-err>
  </testcase>
  <testcase name="loginTest" classname="testCases.TC_002_LoginTest" time="2.849">
    <system-out><![CDATA[ERROR StatusConsoleListener Unable to rename file D:\Yogesh\Selenium_Java\OpenCartApp_Hybrid_Driven_Framework\.\logs\automation.log to D:\Yogesh\Selenium_Java\OpenCartApp_Hybrid_Driven_Framework\.\logs\automation-01-    26-2024.log : java.nio.file.InvalidPathException Trailing char < > at index 96: D:\Yogesh\Selenium_Java\OpenCartApp_Hybrid_Driven_Framework\.\logs\automation-01-    26-2024.log 
14:05:46.248 [main] INFO  testCases.TC_002_LoginTest - ******* Starting TC_002_AccountLoginTest  *******
ERROR StatusConsoleListener Unable to rename file D:\Yogesh\Selenium_Java\OpenCartApp_Hybrid_Driven_Framework\.\logs\automation.log to D:\Yogesh\Selenium_Java\OpenCartApp_Hybrid_Driven_Framework\.\logs\automation-01-    26-2024.log : java.nio.file.InvalidPathException Trailing char < > at index 96: D:\Yogesh\Selenium_Java\OpenCartApp_Hybrid_Driven_Framework\.\logs\automation-01-    26-2024.log 
14:05:46.428 [main] INFO  testCases.TC_002_LoginTest - ===== Clicked my account link =====
ERROR StatusConsoleListener Unable to rename file D:\Yogesh\Selenium_Java\OpenCartApp_Hybrid_Driven_Framework\.\logs\automation.log to D:\Yogesh\Selenium_Java\OpenCartApp_Hybrid_Driven_Framework\.\logs\automation-01-    26-2024.log : java.nio.file.InvalidPathException Trailing char < > at index 96: D:\Yogesh\Selenium_Java\OpenCartApp_Hybrid_Driven_Framework\.\logs\automation-01-    26-2024.log 
14:05:46.888 [main] INFO  testCases.TC_002_LoginTest - ===== Clicked login account =====
ERROR StatusConsoleListener Unable to rename file D:\Yogesh\Selenium_Java\OpenCartApp_Hybrid_Driven_Framework\.\logs\automation.log to D:\Yogesh\Selenium_Java\OpenCartApp_Hybrid_Driven_Framework\.\logs\automation-01-    26-2024.log : java.nio.file.InvalidPathException Trailing char < > at index 96: D:\Yogesh\Selenium_Java\OpenCartApp_Hybrid_Driven_Framework\.\logs\automation-01-    26-2024.log 
14:05:46.892 [main] INFO  testCases.TC_002_LoginTest - ===== Entering login details =====
ERROR StatusConsoleListener Unable to rename file D:\Yogesh\Selenium_Java\OpenCartApp_Hybrid_Driven_Framework\.\logs\automation.log to D:\Yogesh\Selenium_Java\OpenCartApp_Hybrid_Driven_Framework\.\logs\automation-01-    26-2024.log : java.nio.file.InvalidPathException Trailing char < > at index 96: D:\Yogesh\Selenium_Java\OpenCartApp_Hybrid_Driven_Framework\.\logs\automation-01-    26-2024.log 
14:05:47.873 [main] INFO  testCases.TC_002_LoginTest - ===== Clicked login button =====
ERROR StatusConsoleListener Unable to rename file D:\Yogesh\Selenium_Java\OpenCartApp_Hybrid_Driven_Framework\.\logs\automation.log to D:\Yogesh\Selenium_Java\OpenCartApp_Hybrid_Driven_Framework\.\logs\automation-01-    26-2024.log : java.nio.file.InvalidPathException Trailing char < > at index 96: D:\Yogesh\Selenium_Java\OpenCartApp_Hybrid_Driven_Framework\.\logs\automation-01-    26-2024.log 
14:05:48.047 [main] INFO  testCases.TC_002_LoginTest - ===== Starting veryfying login message =====
ERROR StatusConsoleListener Unable to rename file D:\Yogesh\Selenium_Java\OpenCartApp_Hybrid_Driven_Framework\.\logs\automation.log to D:\Yogesh\Selenium_Java\OpenCartApp_Hybrid_Driven_Framework\.\logs\automation-01-    26-2024.log : java.nio.file.InvalidPathException Trailing char < > at index 96: D:\Yogesh\Selenium_Java\OpenCartApp_Hybrid_Driven_Framework\.\logs\automation-01-    26-2024.log 
14:05:48.048 [main] INFO  testCases.TC_002_LoginTest - ==== Congratulations..!! successfully Logged-in ====
ERROR StatusConsoleListener Unable to rename file D:\Yogesh\Selenium_Java\OpenCartApp_Hybrid_Driven_Framework\.\logs\automation.log to D:\Yogesh\Selenium_Java\OpenCartApp_Hybrid_Driven_Framework\.\logs\automation-01-    26-2024.log : java.nio.file.InvalidPathException Trailing char < > at index 96: D:\Yogesh\Selenium_Java\OpenCartApp_Hybrid_Driven_Framework\.\logs\automation-01-    26-2024.log 
14:05:48.050 [main] INFO  testCases.TC_002_LoginTest - ===== Ended veryfied login message =====
ERROR StatusConsoleListener Unable to rename file D:\Yogesh\Selenium_Java\OpenCartApp_Hybrid_Driven_Framework\.\logs\automation.log to D:\Yogesh\Selenium_Java\OpenCartApp_Hybrid_Driven_Framework\.\logs\automation-01-    26-2024.log : java.nio.file.InvalidPathException Trailing char < > at index 96: D:\Yogesh\Selenium_Java\OpenCartApp_Hybrid_Driven_Framework\.\logs\automation-01-    26-2024.log 
14:05:48.978 [main] INFO  testCases.TC_002_LoginTest - ===== Logged out from the application =====
ERROR StatusConsoleListener Unable to rename file D:\Yogesh\Selenium_Java\OpenCartApp_Hybrid_Driven_Framework\.\logs\automation.log to D:\Yogesh\Selenium_Java\OpenCartApp_Hybrid_Driven_Framework\.\logs\automation-01-    26-2024.log : java.nio.file.InvalidPathException Trailing char < > at index 96: D:\Yogesh\Selenium_Java\OpenCartApp_Hybrid_Driven_Framework\.\logs\automation-01-    26-2024.log 
14:05:49.065 [main] INFO  testCases.TC_002_LoginTest - ===== Verified logged out message =====
ERROR StatusConsoleListener Unable to rename file D:\Yogesh\Selenium_Java\OpenCartApp_Hybrid_Driven_Framework\.\logs\automation.log to D:\Yogesh\Selenium_Java\OpenCartApp_Hybrid_Driven_Framework\.\logs\automation-01-    26-2024.log : java.nio.file.InvalidPathException Trailing char < > at index 96: D:\Yogesh\Selenium_Java\OpenCartApp_Hybrid_Driven_Framework\.\logs\automation-01-    26-2024.log 
14:05:49.068 [main] INFO  testCases.TC_002_LoginTest - ==== You are successfully Logged-out ====
ERROR StatusConsoleListener Unable to rename file D:\Yogesh\Selenium_Java\OpenCartApp_Hybrid_Driven_Framework\.\logs\automation.log to D:\Yogesh\Selenium_Java\OpenCartApp_Hybrid_Driven_Framework\.\logs\automation-01-    26-2024.log : java.nio.file.InvalidPathException Trailing char < > at index 96: D:\Yogesh\Selenium_Java\OpenCartApp_Hybrid_Driven_Framework\.\logs\automation-01-    26-2024.log 
14:05:49.071 [main] INFO  testCases.TC_002_LoginTest - ******* Finished TC_002_AccountLoginTest  *******
]]></system-out>
    <system-err><![CDATA[Jan 26, 2024 2:05:42 PM org.openqa.selenium.remote.http.WebSocket$Listener onError
WARNING: An existing connection was forcibly closed by the remote host
java.io.IOException: An existing connection was forcibly closed by the remote host
	at java.base/sun.nio.ch.SocketDispatcher.read0(Native Method)
	at java.base/sun.nio.ch.SocketDispatcher.read(SocketDispatcher.java:43)
	at java.base/sun.nio.ch.IOUtil.readIntoNativeBuffer(IOUtil.java:276)
	at java.base/sun.nio.ch.IOUtil.read(IOUtil.java:245)
	at java.base/sun.nio.ch.IOUtil.read(IOUtil.java:223)
	at java.base/sun.nio.ch.SocketChannelImpl.read(SocketChannelImpl.java:358)
	at java.net.http/jdk.internal.net.http.SocketTube.readAvailable(SocketTube.java:1153)
	at java.net.http/jdk.internal.net.http.SocketTube$InternalReadPublisher$InternalReadSubscription.read(SocketTube.java:821)
	at java.net.http/jdk.internal.net.http.SocketTube$SocketFlowTask.run(SocketTube.java:175)
	at java.net.http/jdk.internal.net.http.common.SequentialScheduler$SchedulableTask.run(SequentialScheduler.java:198)
	at java.net.http/jdk.internal.net.http.common.SequentialScheduler.runOrSchedule(SequentialScheduler.java:271)
	at java.net.http/jdk.internal.net.http.common.SequentialScheduler.runOrSchedule(SequentialScheduler.java:224)
	at java.net.http/jdk.internal.net.http.SocketTube$InternalReadPublisher$InternalReadSubscription.signalReadable(SocketTube.java:763)
	at java.net.http/jdk.internal.net.http.SocketTube$InternalReadPublisher$ReadEvent.signalEvent(SocketTube.java:941)
	at java.net.http/jdk.internal.net.http.SocketTube$SocketFlowEvent.handle(SocketTube.java:245)
	at java.net.http/jdk.internal.net.http.HttpClientImpl$SelectorManager.handleEvent(HttpClientImpl.java:957)
	at java.net.http/jdk.internal.net.http.HttpClientImpl$SelectorManager.lambda$run$3(HttpClientImpl.java:912)
	at java.base/java.util.ArrayList.forEach(ArrayList.java:1541)
	at java.net.http/jdk.internal.net.http.HttpClientImpl$SelectorManager.run(HttpClientImpl.java:912)

Jan 26, 2024 2:05:43 PM org.openqa.selenium.devtools.CdpVersionFinder findNearestMatch
WARNING: Unable to find an exact match for CDP version 121, returning the closest version; found: 120; Please update to a Selenium version that supports CDP version 121
]]></system-err>
  </testcase>
</testsuite>