<?xml version="1.0" encoding="UTF-8"?>
<testng-results ignored="0" total="2" passed="2" failed="0" skipped="0">
  <reporter-output>
  </reporter-output>
  <suite started-at="2024-01-26T13:51:13 IST" name="Suite" finished-at="2024-01-26T13:51:48 IST" duration-ms="35499">
    <groups>
      <group name="regression">
        <method signature="TC_001_AccountRegistrationTest.register_account()[pri:0, instance:testCases.TC_001_AccountRegistrationTest@2de56eb2]" name="register_account" class="testCases.TC_001_AccountRegistrationTest"/>
      </group> <!-- regression -->
      <group name="sanity">
        <method signature="TC_002_LoginTest.loginTest()[pri:0, instance:testCases.TC_002_LoginTest@338fc1d8]" name="loginTest" class="testCases.TC_002_LoginTest"/>
      </group> <!-- sanity -->
      <group name="master">
        <method signature="TC_001_AccountRegistrationTest.register_account()[pri:0, instance:testCases.TC_001_AccountRegistrationTest@2de56eb2]" name="register_account" class="testCases.TC_001_AccountRegistrationTest"/>
        <method signature="TC_002_LoginTest.loginTest()[pri:0, instance:testCases.TC_002_LoginTest@338fc1d8]" name="loginTest" class="testCases.TC_002_LoginTest"/>
      </group> <!-- master -->
    </groups>
    <test started-at="2024-01-26T13:51:13 IST" name="Test" finished-at="2024-01-26T13:51:48 IST" duration-ms="35499">
      <class name="testCases.TC_001_AccountRegistrationTest">
        <test-method is-config="true" signature="setUp(java.lang.String,java.lang.String)[pri:0, instance:testCases.TC_001_AccountRegistrationTest@2de56eb2]" started-at="2024-01-26T13:51:14 IST" name="setUp" finished-at="2024-01-26T13:51:36 IST" duration-ms="22416" status="PASS">
          <params>
            <param index="0">
              <value>
                <![CDATA[Windows]]>
              </value>
            </param>
            <param index="1">
              <value>
                <![CDATA[chrome]]>
              </value>
            </param>
          </params>
          <reporter-output>
          </reporter-output>
        </test-method> <!-- setUp -->
        <test-method signature="register_account()[pri:0, instance:testCases.TC_001_AccountRegistrationTest@2de56eb2]" started-at="2024-01-26T13:51:36 IST" name="register_account" finished-at="2024-01-26T13:51:39 IST" duration-ms="3340" status="PASS">
          <reporter-output>
          </reporter-output>
        </test-method> <!-- register_account -->
        <test-method is-config="true" signature="tearDown()[pri:0, instance:testCases.TC_001_AccountRegistrationTest@2de56eb2]" started-at="2024-01-26T13:51:39 IST" name="tearDown" finished-at="2024-01-26T13:51:40 IST" duration-ms="276" status="PASS">
          <reporter-output>
          </reporter-output>
        </test-method> <!-- tearDown -->
      </class> <!-- testCases.TC_001_AccountRegistrationTest -->
      <class name="testCases.TC_002_LoginTest">
        <test-method is-config="true" signature="setUp(java.lang.String,java.lang.String)[pri:0, instance:testCases.TC_002_LoginTest@338fc1d8]" started-at="2024-01-26T13:51:40 IST" name="setUp" finished-at="2024-01-26T13:51:45 IST" duration-ms="5075" status="PASS">
          <params>
            <param index="0">
              <value>
                <![CDATA[Windows]]>
              </value>
            </param>
            <param index="1">
              <value>
                <![CDATA[chrome]]>
              </value>
            </param>
          </params>
          <reporter-output>
          </reporter-output>
        </test-method> <!-- setUp -->
        <test-method signature="loginTest()[pri:0, instance:testCases.TC_002_LoginTest@338fc1d8]" started-at="2024-01-26T13:51:45 IST" name="loginTest" finished-at="2024-01-26T13:51:48 IST" duration-ms="3387" status="PASS">
          <reporter-output>
          </reporter-output>
        </test-method> <!-- loginTest -->
        <test-method is-config="true" signature="tearDown()[pri:0, instance:testCases.TC_002_LoginTest@338fc1d8]" started-at="2024-01-26T13:51:48 IST" name="tearDown" finished-at="2024-01-26T13:51:48 IST" duration-ms="208" status="PASS">
          <reporter-output>
          </reporter-output>
        </test-method> <!-- tearDown -->
      </class> <!-- testCases.TC_002_LoginTest -->
    </test> <!-- Test -->
  </suite> <!-- Suite -->
</testng-results>
